<?xml version="1.0" encoding="UTF-8"?>
<!-- Generated by org.testng.reporters.JUnitXMLReporter -->
<testsuite ignored="0" hostname="LAPTOP-OUSV02BT" failures="0" tests="8" name="Test" time="66.948" errors="0" timestamp="04 Jul 2021 08:50:22 GMT">
  <testcase classname="com.automation.testcases.LoginTest" name="login" time="12.899"/>
  <testcase classname="com.automation.testcases.LoginTest" name="login" time="11.893"/>
  <testcase classname="com.automation.testcases.LoginTest" name="login" time="8.194"/>
  <testcase classname="com.automation.testcases.LoginTest" name="login" time="5.663"/>
  <testcase classname="com.automation.testcases.LoginTest" name="login" time="3.887"/>
  <testcase classname="com.automation.testcases.LoginTest" name="login" time="3.898"/>
  <testcase classname="com.automation.testcases.LoginTest" name="login" time="3.906"/>
  <testcase classname="com.automation.testcases.LoginTest" name="login" time="4.005"/>
</testsuite> <!-- Test -->
