<?xml version="1.0" encoding="UTF-8"?>
<testng-results ignored="0" total="1" passed="1" failed="0" skipped="0">
  <reporter-output>
  </reporter-output>
  <suite started-at="2021-07-11T13:14:24Z" name="Default suite" finished-at="2021-07-11T13:20:04Z" duration-ms="340075">
    <groups>
    </groups>
    <test started-at="2021-07-11T13:14:24Z" name="Default test" finished-at="2021-07-11T13:20:04Z" duration-ms="340075">
      <class name="com.automation.testcases.CXTest">
        <test-method is-config="true" signature="setupSuite()[pri:0, instance:com.automation.testcases.CXTest@d771cc9]" started-at="2021-07-11T13:14:24Z" name="setupSuite" finished-at="2021-07-11T13:14:24Z" duration-ms="218" status="PASS">
          <reporter-output>
          </reporter-output>
        </test-method> <!-- setupSuite -->
        <test-method is-config="true" signature="setup()[pri:0, instance:com.automation.testcases.CXTest@d771cc9]" started-at="2021-07-11T13:14:24Z" name="setup" finished-at="2021-07-11T13:14:33Z" duration-ms="9391" status="PASS">
          <reporter-output>
          </reporter-output>
        </test-method> <!-- setup -->
        <test-method signature="testMemberSite()[pri:0, instance:com.automation.testcases.CXTest@d771cc9]" started-at="2021-07-11T13:14:33Z" name="testMemberSite" finished-at="2021-07-11T13:20:02Z" duration-ms="328546" status="PASS">
          <reporter-output>
          </reporter-output>
        </test-method> <!-- testMemberSite -->
        <test-method is-config="true" signature="tearDownMethod(org.testng.ITestResult)[pri:0, instance:com.automation.testcases.CXTest@d771cc9]" started-at="2021-07-11T13:20:02Z" name="tearDownMethod" finished-at="2021-07-11T13:20:03Z" duration-ms="922" status="PASS">
          <params>
            <param index="0">
              <value>
                <![CDATA[[TestResult name=testMemberSite status=SUCCESS method=CXTest.testMemberSite()[pri:0, instance:com.automation.testcases.CXTest@d771cc9] output={null}]]]>
              </value>
            </param>
          </params>
          <reporter-output>
          </reporter-output>
        </test-method> <!-- tearDownMethod -->
        <test-method is-config="true" signature="tearDown()[pri:0, instance:com.automation.testcases.CXTest@d771cc9]" started-at="2021-07-11T13:20:03Z" name="tearDown" finished-at="2021-07-11T13:20:04Z" duration-ms="1175" status="PASS">
          <reporter-output>
          </reporter-output>
        </test-method> <!-- tearDown -->
      </class> <!-- com.automation.testcases.CXTest -->
    </test> <!-- Default test -->
  </suite> <!-- Default suite -->
</testng-results>
