<?xml version="1.0" encoding="UTF-8"?>
<testng-results ignored="0" total="1" passed="1" failed="0" skipped="0">
  <reporter-output>
  </reporter-output>
  <suite started-at="2021-07-10T12:44:13Z" name="Default suite" finished-at="2021-07-10T12:44:37Z" duration-ms="23419">
    <groups>
    </groups>
    <test started-at="2021-07-10T12:44:13Z" name="Default test" finished-at="2021-07-10T12:44:37Z" duration-ms="23419">
      <class name="com.automation.testcases.CountryDropdownTest">
        <test-method is-config="true" signature="setupSuite()[pri:0, instance:com.automation.testcases.CountryDropdownTest@51549490]" started-at="2021-07-10T12:44:13Z" name="setupSuite" finished-at="2021-07-10T12:44:13Z" duration-ms="293" status="PASS">
          <reporter-output>
          </reporter-output>
        </test-method> <!-- setupSuite -->
        <test-method is-config="true" signature="setup()[pri:0, instance:com.automation.testcases.CountryDropdownTest@51549490]" started-at="2021-07-10T12:44:13Z" name="setup" finished-at="2021-07-10T12:44:24Z" duration-ms="10689" status="PASS">
          <reporter-output>
          </reporter-output>
        </test-method> <!-- setup -->
        <test-method signature="testCounryDropdown()[pri:0, instance:com.automation.testcases.CountryDropdownTest@51549490]" started-at="2021-07-10T12:44:24Z" name="testCounryDropdown" finished-at="2021-07-10T12:44:34Z" duration-ms="10576" status="PASS">
          <reporter-output>
          </reporter-output>
        </test-method> <!-- testCounryDropdown -->
        <test-method is-config="true" signature="tearDownMethod(org.testng.ITestResult)[pri:0, instance:com.automation.testcases.CountryDropdownTest@51549490]" started-at="2021-07-10T12:44:34Z" name="tearDownMethod" finished-at="2021-07-10T12:44:36Z" duration-ms="1318" status="PASS">
          <params>
            <param index="0">
              <value>
                <![CDATA[[TestResult name=testCounryDropdown status=SUCCESS method=CountryDropdownTest.testCounryDropdown()[pri:0, instance:com.automation.testcases.CountryDropdownTest@51549490] output={null}]]]>
              </value>
            </param>
          </params>
          <reporter-output>
          </reporter-output>
        </test-method> <!-- tearDownMethod -->
        <test-method is-config="true" signature="tearDown()[pri:0, instance:com.automation.testcases.CountryDropdownTest@51549490]" started-at="2021-07-10T12:44:36Z" name="tearDown" finished-at="2021-07-10T12:44:37Z" duration-ms="791" status="PASS">
          <reporter-output>
          </reporter-output>
        </test-method> <!-- tearDown -->
      </class> <!-- com.automation.testcases.CountryDropdownTest -->
    </test> <!-- Default test -->
  </suite> <!-- Default suite -->
</testng-results>
